mode: atomic
github.com/mithucste30/traefik-officer-operator/cmd/traefik-officer/main.go:15.13,26.15 9 0
github.com/mithucste30/traefik-officer-operator/cmd/traefik-officer/main.go:26.15,28.3 1 0
github.com/mithucste30/traefik-officer-operator/cmd/traefik-officer/main.go:31.2,32.16 2 0
github.com/mithucste30/traefik-officer-operator/cmd/traefik-officer/main.go:32.16,34.3 1 0
github.com/mithucste30/traefik-officer-operator/cmd/traefik-officer/main.go:37.2,37.13 1 0
github.com/mithucste30/traefik-officer-operator/cmd/traefik-officer/main.go:37.13,43.3 1 0
github.com/mithucste30/traefik-officer-operator/cmd/traefik-officer/main.go:43.8,45.3 1 0
github.com/mithucste30/traefik-officer-operator/cmd/traefik-officer/main.go:47.2,55.12 4 0
github.com/mithucste30/traefik-officer-operator/cmd/traefik-officer/main.go:55.12,56.61 1 0
github.com/mithucste30/traefik-officer-operator/cmd/traefik-officer/main.go:56.61,58.4 1 0
github.com/mithucste30/traefik-officer-operator/cmd/traefik-officer/main.go:62.2,63.16 2 0
github.com/mithucste30/traefik-officer-operator/cmd/traefik-officer/main.go:63.16,67.3 3 0
github.com/mithucste30/traefik-officer-operator/cmd/traefik-officer/main.go:68.2,68.15 1 0
github.com/mithucste30/traefik-officer-operator/cmd/traefik-officer/main.go:68.15,69.43 1 0
github.com/mithucste30/traefik-officer-operator/cmd/traefik-officer/main.go:69.43,72.4 2 0
github.com/mithucste30/traefik-officer-operator/cmd/traefik-officer/main.go:72.9,74.4 1 0
github.com/mithucste30/traefik-officer-operator/cmd/traefik-officer/main.go:77.2,81.79 3 0
github.com/mithucste30/traefik-officer-operator/pkg/config.go:50.70,53.26 2 11
github.com/mithucste30/traefik-officer-operator/pkg/config.go:53.26,56.3 2 1
github.com/mithucste30/traefik-officer-operator/pkg/config.go:58.2,59.16 2 10
github.com/mithucste30/traefik-officer-operator/pkg/config.go:59.16,61.3 1 1
github.com/mithucste30/traefik-officer-operator/pkg/config.go:62.2,62.15 1 9
github.com/mithucste30/traefik-officer-operator/pkg/config.go:62.15,63.41 1 9
github.com/mithucste30/traefik-officer-operator/pkg/config.go:63.41,65.4 1 0
github.com/mithucste30/traefik-officer-operator/pkg/config.go:68.2,69.16 2 9
github.com/mithucste30/traefik-officer-operator/pkg/config.go:69.16,71.3 1 0
github.com/mithucste30/traefik-officer-operator/pkg/config.go:73.2,73.25 1 9
github.com/mithucste30/traefik-officer-operator/pkg/config.go:73.25,76.3 2 1
github.com/mithucste30/traefik-officer-operator/pkg/config.go:78.2,78.59 1 8
github.com/mithucste30/traefik-officer-operator/pkg/config.go:78.59,80.3 1 1
github.com/mithucste30/traefik-officer-operator/pkg/config.go:82.2,82.34 1 7
github.com/mithucste30/traefik-officer-operator/pkg/config.go:82.34,84.3 1 5
github.com/mithucste30/traefik-officer-operator/pkg/config.go:85.2,85.37 1 7
github.com/mithucste30/traefik-officer-operator/pkg/config.go:85.37,87.3 1 5
github.com/mithucste30/traefik-officer-operator/pkg/config.go:88.2,88.44 1 7
github.com/mithucste30/traefik-officer-operator/pkg/config.go:88.44,90.3 1 5
github.com/mithucste30/traefik-officer-operator/pkg/config.go:91.2,91.31 1 7
github.com/mithucste30/traefik-officer-operator/pkg/config.go:91.31,93.3 1 4
github.com/mithucste30/traefik-officer-operator/pkg/config.go:95.2,95.27 1 7
github.com/mithucste30/traefik-officer-operator/pkg/config.go:95.27,97.3 1 4
github.com/mithucste30/traefik-officer-operator/pkg/config.go:98.2,101.36 2 7
github.com/mithucste30/traefik-officer-operator/pkg/config.go:101.36,103.17 2 3
github.com/mithucste30/traefik-officer-operator/pkg/config.go:103.17,105.12 2 1
github.com/mithucste30/traefik-officer-operator/pkg/config.go:107.3,107.38 1 2
github.com/mithucste30/traefik-officer-operator/pkg/config.go:110.2,112.20 2 7
github.com/mithucste30/traefik-officer-operator/pkg/file.go:21.77,30.16 3 7
github.com/mithucste30/traefik-officer-operator/pkg/file.go:30.16,32.3 1 0
github.com/mithucste30/traefik-officer-operator/pkg/file.go:34.2,41.12 2 7
github.com/mithucste30/traefik-officer-operator/pkg/file.go:41.12,43.29 2 7
github.com/mithucste30/traefik-officer-operator/pkg/file.go:43.29,44.23 1 7
github.com/mithucste30/traefik-officer-operator/pkg/file.go:44.23,46.13 2 0
github.com/mithucste30/traefik-officer-operator/pkg/file.go:48.4,48.68 1 7
github.com/mithucste30/traefik-officer-operator/pkg/file.go:52.2,52.17 1 7
github.com/mithucste30/traefik-officer-operator/pkg/file.go:55.54,57.2 1 2
github.com/mithucste30/traefik-officer-operator/pkg/file.go:59.41,60.21 1 9
github.com/mithucste30/traefik-officer-operator/pkg/file.go:60.21,62.3 1 8
github.com/mithucste30/traefik-officer-operator/pkg/file.go:63.2,63.12 1 1
github.com/mithucste30/traefik-officer-operator/pkg/file.go:66.55,73.2 4 1
github.com/mithucste30/traefik-officer-operator/pkg/health.go:27.13,35.2 2 1
github.com/mithucste30/traefik-officer-operator/pkg/health.go:38.24,42.36 3 2
github.com/mithucste30/traefik-officer-operator/pkg/health.go:42.36,44.3 1 0
github.com/mithucste30/traefik-officer-operator/pkg/health.go:45.2,46.48 2 2
github.com/mithucste30/traefik-officer-operator/pkg/health.go:50.62,54.36 3 106
github.com/mithucste30/traefik-officer-operator/pkg/health.go:54.36,56.3 1 0
github.com/mithucste30/traefik-officer-operator/pkg/health.go:58.2,59.16 2 106
github.com/mithucste30/traefik-officer-operator/pkg/health.go:59.16,62.3 2 1
github.com/mithucste30/traefik-officer-operator/pkg/health.go:62.8,62.43 1 105
github.com/mithucste30/traefik-officer-operator/pkg/health.go:62.43,64.3 1 105
github.com/mithucste30/traefik-officer-operator/pkg/health.go:68.32,72.2 3 1
github.com/mithucste30/traefik-officer-operator/pkg/health.go:75.60,90.38 6 54
github.com/mithucste30/traefik-officer-operator/pkg/health.go:90.38,92.3 1 54
github.com/mithucste30/traefik-officer-operator/pkg/health.go:95.2,95.47 1 54
github.com/mithucste30/traefik-officer-operator/pkg/health.go:95.47,97.35 2 1
github.com/mithucste30/traefik-officer-operator/pkg/health.go:97.35,100.4 2 1
github.com/mithucste30/traefik-officer-operator/pkg/health.go:101.8,103.3 1 53
github.com/mithucste30/traefik-officer-operator/pkg/health.go:105.2,106.34 2 54
github.com/mithucste30/traefik-officer-operator/pkg/health.go:106.34,108.3 1 3
github.com/mithucste30/traefik-officer-operator/pkg/health.go:110.2,110.41 1 54
github.com/mithucste30/traefik-officer-operator/pkg/http.go:12.35,13.16 1 2
github.com/mithucste30/traefik-officer-operator/pkg/http.go:13.16,15.3 1 1
github.com/mithucste30/traefik-officer-operator/pkg/http.go:17.2,34.12 9 1
github.com/mithucste30/traefik-officer-operator/pkg/http.go:34.12,35.90 1 1
github.com/mithucste30/traefik-officer-operator/pkg/http.go:35.90,37.4 1 0
github.com/mithucste30/traefik-officer-operator/pkg/http.go:41.2,41.9 1 1
github.com/mithucste30/traefik-officer-operator/pkg/http.go:42.24,43.13 1 0
github.com/mithucste30/traefik-officer-operator/pkg/http.go:44.10,48.13 3 1
github.com/mithucste30/traefik-officer-operator/pkg/http.go:52.75,59.2 4 54
github.com/mithucste30/traefik-officer-operator/pkg/k8s.go:69.66,71.29 2 3
github.com/mithucste30/traefik-officer-operator/pkg/k8s.go:71.29,73.3 1 1
github.com/mithucste30/traefik-officer-operator/pkg/k8s.go:73.8,73.42 1 2
github.com/mithucste30/traefik-officer-operator/pkg/k8s.go:73.42,74.76 1 2
github.com/mithucste30/traefik-officer-operator/pkg/k8s.go:74.76,77.4 2 2
github.com/mithucste30/traefik-officer-operator/pkg/k8s.go:81.2,81.91 1 3
github.com/mithucste30/traefik-officer-operator/pkg/k8s.go:81.91,83.3 1 1
github.com/mithucste30/traefik-officer-operator/pkg/k8s.go:86.2,87.23 2 2
github.com/mithucste30/traefik-officer-operator/pkg/k8s.go:87.23,89.3 1 2
github.com/mithucste30/traefik-officer-operator/pkg/k8s.go:91.2,92.26 2 2
github.com/mithucste30/traefik-officer-operator/pkg/k8s.go:92.26,94.3 1 0
github.com/mithucste30/traefik-officer-operator/pkg/k8s.go:96.2,99.18 1 2
github.com/mithucste30/traefik-officer-operator/pkg/k8s.go:103.78,105.16 2 1
github.com/mithucste30/traefik-officer-operator/pkg/k8s.go:105.16,107.3 1 0
github.com/mithucste30/traefik-officer-operator/pkg/k8s.go:109.2,109.44 1 1
github.com/mithucste30/traefik-officer-operator/pkg/k8s.go:113.81,115.16 2 1
github.com/mithucste30/traefik-officer-operator/pkg/k8s.go:115.16,117.3 1 0
github.com/mithucste30/traefik-officer-operator/pkg/k8s.go:119.2,127.8 1 1
github.com/mithucste30/traefik-officer-operator/pkg/k8s.go:130.60,132.2 1 2
github.com/mithucste30/traefik-officer-operator/pkg/k8s.go:135.56,142.2 4 1
github.com/mithucste30/traefik-officer-operator/pkg/k8s.go:145.45,159.6 5 1
github.com/mithucste30/traefik-officer-operator/pkg/k8s.go:159.6,160.10 1 1
github.com/mithucste30/traefik-officer-operator/pkg/k8s.go:161.21,162.10 1 0
github.com/mithucste30/traefik-officer-operator/pkg/k8s.go:163.19,165.50 1 0
github.com/mithucste30/traefik-officer-operator/pkg/k8s.go:165.50,166.13 1 0
github.com/mithucste30/traefik-officer-operator/pkg/k8s.go:169.4,169.65 1 0
github.com/mithucste30/traefik-officer-operator/pkg/k8s.go:169.65,171.16 2 0
github.com/mithucste30/traefik-officer-operator/pkg/k8s.go:171.16,173.6 1 0
github.com/mithucste30/traefik-officer-operator/pkg/k8s.go:174.5,174.24 1 0
github.com/mithucste30/traefik-officer-operator/pkg/k8s.go:177.4,177.18 1 0
github.com/mithucste30/traefik-officer-operator/pkg/k8s.go:177.18,179.5 1 0
github.com/mithucste30/traefik-officer-operator/pkg/k8s.go:185.58,187.84 1 1
github.com/mithucste30/traefik-officer-operator/pkg/k8s.go:187.84,189.3 1 0
github.com/mithucste30/traefik-officer-operator/pkg/k8s.go:192.2,196.16 2 1
github.com/mithucste30/traefik-officer-operator/pkg/k8s.go:196.16,199.3 2 0
github.com/mithucste30/traefik-officer-operator/pkg/k8s.go:201.2,201.26 1 1
github.com/mithucste30/traefik-officer-operator/pkg/k8s.go:201.26,204.3 2 1
github.com/mithucste30/traefik-officer-operator/pkg/k8s.go:206.2,206.44 1 0
github.com/mithucste30/traefik-officer-operator/pkg/k8s.go:206.44,208.3 1 0
github.com/mithucste30/traefik-officer-operator/pkg/k8s.go:211.2,220.33 6 0
github.com/mithucste30/traefik-officer-operator/pkg/k8s.go:220.33,221.85 1 0
github.com/mithucste30/traefik-officer-operator/pkg/k8s.go:221.85,225.4 3 0
github.com/mithucste30/traefik-officer-operator/pkg/k8s.go:229.2,232.46 3 0
github.com/mithucste30/traefik-officer-operator/pkg/k8s.go:232.46,233.28 1 0
github.com/mithucste30/traefik-officer-operator/pkg/k8s.go:233.28,237.4 3 0
github.com/mithucste30/traefik-officer-operator/pkg/k8s.go:240.2,240.18 1 0
github.com/mithucste30/traefik-officer-operator/pkg/k8s.go:244.63,245.54 1 4
github.com/mithucste30/traefik-officer-operator/pkg/k8s.go:245.54,246.35 1 3
github.com/mithucste30/traefik-officer-operator/pkg/k8s.go:246.35,248.4 1 2
github.com/mithucste30/traefik-officer-operator/pkg/k8s.go:250.2,250.14 1 2
github.com/mithucste30/traefik-officer-operator/pkg/k8s.go:254.65,259.50 3 0
github.com/mithucste30/traefik-officer-operator/pkg/k8s.go:259.50,261.3 1 0
github.com/mithucste30/traefik-officer-operator/pkg/k8s.go:264.2,273.12 5 0
github.com/mithucste30/traefik-officer-operator/pkg/k8s.go:273.12,276.3 2 0
github.com/mithucste30/traefik-officer-operator/pkg/k8s.go:278.2,278.60 1 0
github.com/mithucste30/traefik-officer-operator/pkg/k8s.go:282.93,291.6 2 0
github.com/mithucste30/traefik-officer-operator/pkg/k8s.go:291.6,292.10 1 0
github.com/mithucste30/traefik-officer-operator/pkg/k8s.go:293.21,294.10 1 0
github.com/mithucste30/traefik-officer-operator/pkg/k8s.go:295.11,298.18 2 0
github.com/mithucste30/traefik-officer-operator/pkg/k8s.go:298.18,300.5 1 0
github.com/mithucste30/traefik-officer-operator/pkg/k8s.go:301.4,301.15 1 0
github.com/mithucste30/traefik-officer-operator/pkg/k8s.go:301.15,304.5 2 0
github.com/mithucste30/traefik-officer-operator/pkg/k8s.go:306.4,307.18 2 0
github.com/mithucste30/traefik-officer-operator/pkg/k8s.go:307.18,308.30 1 0
github.com/mithucste30/traefik-officer-operator/pkg/k8s.go:308.30,311.6 2 0
github.com/mithucste30/traefik-officer-operator/pkg/k8s.go:314.5,314.51 1 0
github.com/mithucste30/traefik-officer-operator/pkg/k8s.go:314.51,317.6 2 0
github.com/mithucste30/traefik-officer-operator/pkg/k8s.go:320.5,323.13 4 0
github.com/mithucste30/traefik-officer-operator/pkg/k8s.go:327.4,328.27 2 0
github.com/mithucste30/traefik-officer-operator/pkg/k8s.go:334.73,336.16 2 0
github.com/mithucste30/traefik-officer-operator/pkg/k8s.go:336.16,338.3 1 0
github.com/mithucste30/traefik-officer-operator/pkg/k8s.go:339.2,339.31 1 0
github.com/mithucste30/traefik-officer-operator/pkg/k8s.go:339.31,341.3 1 0
github.com/mithucste30/traefik-officer-operator/pkg/k8s.go:342.2,342.19 1 0
github.com/mithucste30/traefik-officer-operator/pkg/k8s.go:346.50,350.2 3 1
github.com/mithucste30/traefik-officer-operator/pkg/k8s.go:353.90,364.16 4 0
github.com/mithucste30/traefik-officer-operator/pkg/k8s.go:364.16,366.3 1 0
github.com/mithucste30/traefik-officer-operator/pkg/k8s.go:367.2,367.15 1 0
github.com/mithucste30/traefik-officer-operator/pkg/k8s.go:367.15,368.41 1 0
github.com/mithucste30/traefik-officer-operator/pkg/k8s.go:368.41,370.4 1 0
github.com/mithucste30/traefik-officer-operator/pkg/k8s.go:373.2,374.21 2 0
github.com/mithucste30/traefik-officer-operator/pkg/k8s.go:374.21,375.10 1 0
github.com/mithucste30/traefik-officer-operator/pkg/k8s.go:376.21,377.14 1 0
github.com/mithucste30/traefik-officer-operator/pkg/k8s.go:378.11,383.5 1 0
github.com/mithucste30/traefik-officer-operator/pkg/k8s.go:387.2,387.38 1 0
github.com/mithucste30/traefik-officer-operator/pkg/k8s.go:387.38,389.3 1 0
github.com/mithucste30/traefik-officer-operator/pkg/k8s.go:391.2,391.12 1 0
github.com/mithucste30/traefik-officer-operator/pkg/k8s.go:394.47,402.46 4 2
github.com/mithucste30/traefik-officer-operator/pkg/k8s.go:402.46,405.3 2 1
github.com/mithucste30/traefik-officer-operator/pkg/k8s.go:408.2,409.12 2 2
github.com/mithucste30/traefik-officer-operator/pkg/k8s.go:413.57,430.2 8 1
github.com/mithucste30/traefik-officer-operator/pkg/log.go:15.134,18.17 2 0
github.com/mithucste30/traefik-officer-operator/pkg/log.go:18.17,19.38 1 0
github.com/mithucste30/traefik-officer-operator/pkg/log.go:19.38,22.4 2 0
github.com/mithucste30/traefik-officer-operator/pkg/log.go:24.3,25.25 2 0
github.com/mithucste30/traefik-officer-operator/pkg/log.go:25.25,27.4 1 0
github.com/mithucste30/traefik-officer-operator/pkg/log.go:28.3,28.111 1 0
github.com/mithucste30/traefik-officer-operator/pkg/log.go:32.2,33.18 2 0
github.com/mithucste30/traefik-officer-operator/pkg/log.go:33.18,36.3 2 0
github.com/mithucste30/traefik-officer-operator/pkg/log.go:36.8,38.3 1 0
github.com/mithucste30/traefik-officer-operator/pkg/log.go:40.2,41.45 2 0
github.com/mithucste30/traefik-officer-operator/pkg/log.go:41.45,45.25 2 0
github.com/mithucste30/traefik-officer-operator/pkg/log.go:45.25,47.12 2 0
github.com/mithucste30/traefik-officer-operator/pkg/log.go:51.3,51.18 1 0
github.com/mithucste30/traefik-officer-operator/pkg/log.go:51.18,53.26 2 0
github.com/mithucste30/traefik-officer-operator/pkg/log.go:53.26,55.65 2 0
github.com/mithucste30/traefik-officer-operator/pkg/log.go:55.65,57.6 1 0
github.com/mithucste30/traefik-officer-operator/pkg/log.go:62.3,63.17 2 0
github.com/mithucste30/traefik-officer-operator/pkg/log.go:63.17,67.48 1 0
github.com/mithucste30/traefik-officer-operator/pkg/log.go:67.48,69.5 1 0
github.com/mithucste30/traefik-officer-operator/pkg/log.go:70.4,70.12 1 0
github.com/mithucste30/traefik-officer-operator/pkg/log.go:74.3,74.23 1 0
github.com/mithucste30/traefik-officer-operator/pkg/log.go:74.23,76.22 2 0
github.com/mithucste30/traefik-officer-operator/pkg/log.go:76.22,78.13 2 0
github.com/mithucste30/traefik-officer-operator/pkg/log.go:82.4,82.52 1 0
github.com/mithucste30/traefik-officer-operator/pkg/log.go:82.52,83.13 1 0
github.com/mithucste30/traefik-officer-operator/pkg/log.go:87.4,87.28 1 0
github.com/mithucste30/traefik-officer-operator/pkg/log.go:87.28,92.5 3 0
github.com/mithucste30/traefik-officer-operator/pkg/log.go:92.10,94.5 1 0
github.com/mithucste30/traefik-officer-operator/pkg/log.go:95.9,97.57 1 0
github.com/mithucste30/traefik-officer-operator/pkg/log.go:97.57,99.13 2 0
github.com/mithucste30/traefik-officer-operator/pkg/log.go:101.4,102.41 2 0
github.com/mithucste30/traefik-officer-operator/pkg/log.go:106.3,106.19 1 0
github.com/mithucste30/traefik-officer-operator/pkg/log.go:106.19,108.4 1 0
github.com/mithucste30/traefik-officer-operator/pkg/log.go:113.106,114.12 1 2
github.com/mithucste30/traefik-officer-operator/pkg/log.go:114.12,118.17 3 1
github.com/mithucste30/traefik-officer-operator/pkg/log.go:118.17,120.4 1 0
github.com/mithucste30/traefik-officer-operator/pkg/log.go:121.3,122.17 2 1
github.com/mithucste30/traefik-officer-operator/pkg/log.go:122.17,124.4 1 1
github.com/mithucste30/traefik-officer-operator/pkg/log.go:125.3,125.18 1 0
github.com/mithucste30/traefik-officer-operator/pkg/log.go:126.8,129.3 2 1
github.com/mithucste30/traefik-officer-operator/pkg/metrics.go:120.71,135.31 10 0
github.com/mithucste30/traefik-officer-operator/pkg/metrics.go:135.31,140.3 4 0
github.com/mithucste30/traefik-officer-operator/pkg/metrics.go:140.8,142.3 1 0
github.com/mithucste30/traefik-officer-operator/pkg/metrics.go:143.2,151.33 7 0
github.com/mithucste30/traefik-officer-operator/pkg/metrics.go:151.33,153.3 1 0
github.com/mithucste30/traefik-officer-operator/pkg/metrics.go:154.2,157.13 3 0
github.com/mithucste30/traefik-officer-operator/pkg/metrics.go:157.13,163.32 6 0
github.com/mithucste30/traefik-officer-operator/pkg/metrics.go:163.32,169.4 5 0
github.com/mithucste30/traefik-officer-operator/pkg/metrics.go:169.9,175.4 5 0
github.com/mithucste30/traefik-officer-operator/pkg/metrics.go:179.2,183.15 4 0
github.com/mithucste30/traefik-officer-operator/pkg/metrics.go:183.15,189.3 5 0
github.com/mithucste30/traefik-officer-operator/pkg/metrics.go:192.28,198.2 4 18
github.com/mithucste30/traefik-officer-operator/pkg/metrics.go:200.50,202.12 2 2
github.com/mithucste30/traefik-officer-operator/pkg/metrics.go:202.12,203.22 1 2
github.com/mithucste30/traefik-officer-operator/pkg/metrics.go:203.22,205.4 1 7
github.com/mithucste30/traefik-officer-operator/pkg/operator.go:26.61,31.15 4 3
github.com/mithucste30/traefik-officer-operator/pkg/operator.go:31.15,33.3 1 1
github.com/mithucste30/traefik-officer-operator/pkg/operator.go:35.2,35.51 1 3
github.com/mithucste30/traefik-officer-operator/pkg/operator.go:39.28,43.2 3 4
github.com/mithucste30/traefik-officer-operator/pkg/operator.go:46.75,47.23 1 2
github.com/mithucste30/traefik-officer-operator/pkg/operator.go:47.23,50.3 1 1
github.com/mithucste30/traefik-officer-operator/pkg/operator.go:52.2,56.15 4 1
github.com/mithucste30/traefik-officer-operator/pkg/operator.go:56.15,59.3 2 1
github.com/mithucste30/traefik-officer-operator/pkg/operator.go:62.2,63.41 2 0
github.com/mithucste30/traefik-officer-operator/pkg/operator.go:63.41,66.3 2 0
github.com/mithucste30/traefik-officer-operator/pkg/operator.go:69.2,73.13 3 0
github.com/mithucste30/traefik-officer-operator/pkg/operator.go:73.13,76.3 2 0
github.com/mithucste30/traefik-officer-operator/pkg/operator.go:78.2,78.21 1 0
github.com/mithucste30/traefik-officer-operator/pkg/operator.go:78.21,81.3 2 0
github.com/mithucste30/traefik-officer-operator/pkg/operator.go:84.2,84.37 1 0
github.com/mithucste30/traefik-officer-operator/pkg/operator.go:84.37,87.3 2 0
github.com/mithucste30/traefik-officer-operator/pkg/operator.go:89.2,89.21 1 0
github.com/mithucste30/traefik-officer-operator/pkg/operator.go:93.84,95.54 1 8
github.com/mithucste30/traefik-officer-operator/pkg/operator.go:95.54,99.31 3 5
github.com/mithucste30/traefik-officer-operator/pkg/operator.go:99.31,101.4 1 3
github.com/mithucste30/traefik-officer-operator/pkg/operator.go:101.9,101.41 1 2
github.com/mithucste30/traefik-officer-operator/pkg/operator.go:101.41,103.4 1 2
github.com/mithucste30/traefik-officer-operator/pkg/operator.go:106.2,108.34 2 8
github.com/mithucste30/traefik-officer-operator/pkg/operator.go:108.34,111.22 1 2
github.com/mithucste30/traefik-officer-operator/pkg/operator.go:111.22,114.41 2 2
github.com/mithucste30/traefik-officer-operator/pkg/operator.go:114.41,115.53 1 2
github.com/mithucste30/traefik-officer-operator/pkg/operator.go:115.53,117.11 2 2
github.com/mithucste30/traefik-officer-operator/pkg/operator.go:121.8,121.36 1 6
github.com/mithucste30/traefik-officer-operator/pkg/operator.go:121.36,124.22 1 3
github.com/mithucste30/traefik-officer-operator/pkg/operator.go:124.22,127.41 2 2
github.com/mithucste30/traefik-officer-operator/pkg/operator.go:127.41,128.53 1 8
github.com/mithucste30/traefik-officer-operator/pkg/operator.go:128.53,130.11 2 0
github.com/mithucste30/traefik-officer-operator/pkg/operator.go:136.2,136.42 1 8
github.com/mithucste30/traefik-officer-operator/pkg/operator.go:140.33,143.2 2 17
github.com/mithucste30/traefik-officer-operator/pkg/operator.go:146.59,151.21 3 3
github.com/mithucste30/traefik-officer-operator/pkg/operator.go:151.21,153.3 1 2
github.com/mithucste30/traefik-officer-operator/pkg/operator.go:154.2,154.22 1 3
github.com/mithucste30/traefik-officer-operator/pkg/operator.go:154.22,156.3 1 1
github.com/mithucste30/traefik-officer-operator/pkg/operator.go:157.2,157.22 1 3
github.com/mithucste30/traefik-officer-operator/pkg/operator.go:157.22,159.3 1 2
github.com/mithucste30/traefik-officer-operator/pkg/operator.go:161.2,161.15 1 3
github.com/mithucste30/traefik-officer-operator/pkg/operator.go:165.98,166.26 1 5
github.com/mithucste30/traefik-officer-operator/pkg/operator.go:166.26,168.3 1 1
github.com/mithucste30/traefik-officer-operator/pkg/operator.go:171.2,171.51 1 4
github.com/mithucste30/traefik-officer-operator/pkg/operator.go:171.51,172.59 1 2
github.com/mithucste30/traefik-officer-operator/pkg/operator.go:172.59,176.4 2 1
github.com/mithucste30/traefik-officer-operator/pkg/operator.go:180.2,180.43 1 3
github.com/mithucste30/traefik-officer-operator/pkg/operator.go:180.43,182.54 2 2
github.com/mithucste30/traefik-officer-operator/pkg/operator.go:182.54,183.60 1 2
github.com/mithucste30/traefik-officer-operator/pkg/operator.go:183.60,185.10 2 1
github.com/mithucste30/traefik-officer-operator/pkg/operator.go:188.3,188.15 1 2
github.com/mithucste30/traefik-officer-operator/pkg/operator.go:188.15,192.4 2 1
github.com/mithucste30/traefik-officer-operator/pkg/operator.go:195.2,195.13 1 2
github.com/mithucste30/traefik-officer-operator/pkg/operator.go:199.92,200.64 1 5
github.com/mithucste30/traefik-officer-operator/pkg/operator.go:200.64,202.3 1 2
github.com/mithucste30/traefik-officer-operator/pkg/operator.go:205.2,205.50 1 3
github.com/mithucste30/traefik-officer-operator/pkg/operator.go:205.50,206.38 1 3
github.com/mithucste30/traefik-officer-operator/pkg/operator.go:206.38,215.4 6 2
github.com/mithucste30/traefik-officer-operator/pkg/operator.go:218.2,218.13 1 1
github.com/mithucste30/traefik-officer-operator/pkg/operator.go:222.81,223.26 1 3
github.com/mithucste30/traefik-officer-operator/pkg/operator.go:223.26,225.3 1 1
github.com/mithucste30/traefik-officer-operator/pkg/operator.go:228.2,229.46 2 2
github.com/mithucste30/traefik-officer-operator/pkg/operator.go:229.46,235.3 1 1
github.com/mithucste30/traefik-officer-operator/pkg/operator.go:236.2,236.17 1 2
github.com/mithucste30/traefik-officer-operator/pkg/operator.go:241.44,247.2 2 2
github.com/mithucste30/traefik-officer-operator/pkg/utils.go:17.67,18.41 1 6
github.com/mithucste30/traefik-officer-operator/pkg/utils.go:18.41,21.22 2 5
github.com/mithucste30/traefik-officer-operator/pkg/utils.go:21.22,23.4 1 2
github.com/mithucste30/traefik-officer-operator/pkg/utils.go:25.2,25.14 1 4
github.com/mithucste30/traefik-officer-operator/pkg/utils.go:28.61,29.41 1 6
github.com/mithucste30/traefik-officer-operator/pkg/utils.go:29.41,31.38 2 5
github.com/mithucste30/traefik-officer-operator/pkg/utils.go:31.38,33.4 1 3
github.com/mithucste30/traefik-officer-operator/pkg/utils.go:35.2,35.14 1 3
github.com/mithucste30/traefik-officer-operator/pkg/utils.go:38.59,39.41 1 7
github.com/mithucste30/traefik-officer-operator/pkg/utils.go:39.41,41.39 2 7
github.com/mithucste30/traefik-officer-operator/pkg/utils.go:41.39,43.4 1 3
github.com/mithucste30/traefik-officer-operator/pkg/utils.go:45.2,45.12 1 4
github.com/mithucste30/traefik-officer-operator/pkg/utils.go:48.63,49.45 1 8
github.com/mithucste30/traefik-officer-operator/pkg/utils.go:49.45,53.17 3 9
github.com/mithucste30/traefik-officer-operator/pkg/utils.go:53.17,55.12 2 1
github.com/mithucste30/traefik-officer-operator/pkg/utils.go:58.3,58.27 1 8
github.com/mithucste30/traefik-officer-operator/pkg/utils.go:58.27,60.4 1 5
github.com/mithucste30/traefik-officer-operator/pkg/utils.go:62.2,62.14 1 3
github.com/mithucste30/traefik-officer-operator/pkg/utils.go:65.55,69.31 3 5
github.com/mithucste30/traefik-officer-operator/pkg/utils.go:69.31,73.3 3 3
github.com/mithucste30/traefik-officer-operator/pkg/utils.go:75.2,75.63 1 2
github.com/mithucste30/traefik-officer-operator/pkg/utils.go:75.63,78.3 2 0
github.com/mithucste30/traefik-officer-operator/pkg/utils.go:80.2,96.21 15 2
github.com/mithucste30/traefik-officer-operator/pkg/utils.go:99.40,100.20 1 9
github.com/mithucste30/traefik-officer-operator/pkg/utils.go:100.20,102.3 1 1
github.com/mithucste30/traefik-officer-operator/pkg/utils.go:106.2,113.66 4 8
github.com/mithucste30/traefik-officer-operator/pkg/utils.go:113.66,115.3 1 2
github.com/mithucste30/traefik-officer-operator/pkg/utils.go:118.2,118.66 1 6
github.com/mithucste30/traefik-officer-operator/pkg/utils.go:118.66,120.3 1 1
github.com/mithucste30/traefik-officer-operator/pkg/utils.go:123.2,123.65 1 5
github.com/mithucste30/traefik-officer-operator/pkg/utils.go:123.65,125.3 1 1
github.com/mithucste30/traefik-officer-operator/pkg/utils.go:129.2,130.71 2 4
github.com/mithucste30/traefik-officer-operator/pkg/utils.go:130.71,132.3 1 1
github.com/mithucste30/traefik-officer-operator/pkg/utils.go:134.2,134.14 1 3
github.com/mithucste30/traefik-officer-operator/pkg/utils.go:137.55,140.16 2 0
github.com/mithucste30/traefik-officer-operator/pkg/utils.go:140.16,142.3 1 0
github.com/mithucste30/traefik-officer-operator/pkg/utils.go:145.2,145.28 1 0
github.com/mithucste30/traefik-officer-operator/pkg/utils.go:145.28,148.3 2 0
github.com/mithucste30/traefik-officer-operator/pkg/utils.go:150.2,168.16 18 0
github.com/mithucste30/traefik-officer-operator/pkg/utils.go:168.16,172.3 3 0
github.com/mithucste30/traefik-officer-operator/pkg/utils.go:174.2,175.25 2 0
github.com/mithucste30/traefik-officer-operator/pkg/utils.go:175.25,178.3 2 0
github.com/mithucste30/traefik-officer-operator/pkg/utils.go:180.2,191.58 8 0
github.com/mithucste30/traefik-officer-operator/pkg/utils.go:191.58,193.3 1 0
github.com/mithucste30/traefik-officer-operator/pkg/utils.go:193.8,196.3 2 0
github.com/mithucste30/traefik-officer-operator/pkg/utils.go:199.2,199.56 1 0
github.com/mithucste30/traefik-officer-operator/pkg/utils.go:199.56,201.3 1 0
github.com/mithucste30/traefik-officer-operator/pkg/utils.go:201.8,204.3 2 0
github.com/mithucste30/traefik-officer-operator/pkg/utils.go:207.2,207.58 1 0
github.com/mithucste30/traefik-officer-operator/pkg/utils.go:207.58,209.3 1 0
github.com/mithucste30/traefik-officer-operator/pkg/utils.go:209.8,212.3 2 0
github.com/mithucste30/traefik-officer-operator/pkg/utils.go:214.2,218.69 3 0
github.com/mithucste30/traefik-officer-operator/pkg/utils.go:218.69,220.3 1 0
github.com/mithucste30/traefik-officer-operator/pkg/utils.go:220.8,223.3 2 0
github.com/mithucste30/traefik-officer-operator/pkg/utils.go:229.2,229.22 1 0
github.com/mithucste30/traefik-officer-operator/pkg/utils.go:234.57,235.26 1 5
github.com/mithucste30/traefik-officer-operator/pkg/utils.go:235.26,237.19 2 7
github.com/mithucste30/traefik-officer-operator/pkg/utils.go:237.19,239.4 1 1
github.com/mithucste30/traefik-officer-operator/pkg/utils.go:241.2,241.14 1 4
github.com/mithucste30/traefik-officer-operator/pkg/utils.go:244.59,245.26 1 6
github.com/mithucste30/traefik-officer-operator/pkg/utils.go:245.26,247.36 2 8
github.com/mithucste30/traefik-officer-operator/pkg/utils.go:247.36,249.4 1 3
github.com/mithucste30/traefik-officer-operator/pkg/utils.go:251.2,251.14 1 3
github.com/mithucste30/traefik-officer-operator/pkg/utils.go:254.23,267.39 5 1
github.com/mithucste30/traefik-officer-operator/pkg/utils.go:267.39,268.29 1 4
github.com/mithucste30/traefik-officer-operator/pkg/utils.go:268.29,271.23 2 4
github.com/mithucste30/traefik-officer-operator/pkg/utils.go:271.23,272.13 1 0
github.com/mithucste30/traefik-officer-operator/pkg/utils.go:274.4,281.6 2 4
github.com/mithucste30/traefik-officer-operator/pkg/utils.go:284.2,293.43 5 1
github.com/mithucste30/traefik-officer-operator/pkg/utils.go:293.43,295.41 1 2
github.com/mithucste30/traefik-officer-operator/pkg/utils.go:295.41,297.4 1 3
github.com/mithucste30/traefik-officer-operator/pkg/utils.go:300.3,301.25 2 2
github.com/mithucste30/traefik-officer-operator/pkg/utils.go:301.25,303.4 1 1
github.com/mithucste30/traefik-officer-operator/pkg/utils.go:306.3,306.56 1 2
github.com/mithucste30/traefik-officer-operator/pkg/utils.go:306.56,308.4 1 2
github.com/mithucste30/traefik-officer-operator/pkg/utils.go:311.3,311.30 1 2
github.com/mithucste30/traefik-officer-operator/pkg/utils.go:311.30,314.4 2 4
github.com/mithucste30/traefik-officer-operator/pkg/utils.go:315.3,316.52 1 2
github.com/mithucste30/traefik-officer-operator/pkg/utils.go:321.61,323.28 2 7
github.com/mithucste30/traefik-officer-operator/pkg/utils.go:323.28,325.3 1 7
github.com/mithucste30/traefik-officer-operator/pkg/utils.go:326.2,326.14 1 7
github.com/mithucste30/traefik-officer-operator/pkg/utils.go:329.51,332.12 3 1
github.com/mithucste30/traefik-officer-operator/pkg/utils.go:332.12,333.16 1 1
github.com/mithucste30/traefik-officer-operator/pkg/utils.go:333.16,334.32 1 0
github.com/mithucste30/traefik-officer-operator/pkg/utils.go:334.32,336.5 1 0
github.com/mithucste30/traefik-officer-operator/pkg/utils.go:338.3,338.22 1 1
github.com/mithucste30/traefik-officer-operator/pkg/utils.go:338.22,340.4 1 0
github.com/mithucste30/traefik-officer-operator/pkg/utils.go:344.51,346.54 1 10
github.com/mithucste30/traefik-officer-operator/pkg/utils.go:346.54,348.3 1 7
github.com/mithucste30/traefik-officer-operator/pkg/utils.go:351.2,352.21 2 10
github.com/mithucste30/traefik-officer-operator/pkg/utils.go:352.21,354.37 1 7
github.com/mithucste30/traefik-officer-operator/pkg/utils.go:354.37,355.77 1 16
github.com/mithucste30/traefik-officer-operator/pkg/utils.go:355.77,356.14 1 5
github.com/mithucste30/traefik-officer-operator/pkg/utils.go:356.14,358.6 1 4
github.com/mithucste30/traefik-officer-operator/pkg/utils.go:359.5,359.22 1 1
github.com/mithucste30/traefik-officer-operator/pkg/utils.go:364.3,364.22 1 2
github.com/mithucste30/traefik-officer-operator/pkg/utils.go:364.22,366.4 1 1
github.com/mithucste30/traefik-officer-operator/pkg/utils.go:366.9,368.4 1 1
github.com/mithucste30/traefik-officer-operator/pkg/utils.go:372.2,372.20 1 3
github.com/mithucste30/traefik-officer-operator/pkg/utils.go:372.20,374.3 1 3
github.com/mithucste30/traefik-officer-operator/pkg/utils.go:375.2,375.19 1 0
github.com/mithucste30/traefik-officer-operator/pkg/utils.go:379.78,381.38 1 10
github.com/mithucste30/traefik-officer-operator/pkg/utils.go:381.38,383.64 2 2
github.com/mithucste30/traefik-officer-operator/pkg/utils.go:383.64,384.39 1 2
github.com/mithucste30/traefik-officer-operator/pkg/utils.go:384.39,387.5 2 1
github.com/mithucste30/traefik-officer-operator/pkg/utils.go:392.2,410.19 10 9
github.com/mithucste30/traefik-officer-operator/pkg/utils.go:414.23,415.37 1 5
github.com/mithucste30/traefik-officer-operator/pkg/utils.go:415.37,417.3 1 3
github.com/mithucste30/traefik-officer-operator/pkg/utils.go:418.2,418.33 1 2
github.com/mithucste30/traefik-officer-operator/pkg/utils.go:421.65,427.16 3 24
github.com/mithucste30/traefik-officer-operator/pkg/utils.go:427.16,429.3 1 2
github.com/mithucste30/traefik-officer-operator/pkg/utils.go:430.2,430.16 1 22
github.com/mithucste30/traefik-officer-operator/pkg/utils.go:430.16,432.3 1 1
github.com/mithucste30/traefik-officer-operator/pkg/utils.go:435.2,435.32 1 21
github.com/mithucste30/traefik-officer-operator/pkg/utils_unix.go:15.48,16.29 1 3
github.com/mithucste30/traefik-officer-operator/pkg/utils_unix.go:16.29,18.3 1 1
github.com/mithucste30/traefik-officer-operator/pkg/utils_unix.go:21.2,22.16 2 2
github.com/mithucste30/traefik-officer-operator/pkg/utils_unix.go:22.16,24.3 1 0
github.com/mithucste30/traefik-officer-operator/pkg/utils_unix.go:26.2,26.22 1 2
github.com/mithucste30/traefik-officer-operator/pkg/utils_unix.go:26.22,28.3 1 2
github.com/mithucste30/traefik-officer-operator/pkg/utils_unix.go:30.2,33.16 3 0
github.com/mithucste30/traefik-officer-operator/pkg/utils_unix.go:33.16,35.3 1 0
github.com/mithucste30/traefik-officer-operator/pkg/utils_unix.go:38.2,38.58 1 0
github.com/mithucste30/traefik-officer-operator/pkg/utils_unix.go:38.58,40.3 1 0
github.com/mithucste30/traefik-officer-operator/pkg/utils_unix.go:42.2,42.58 1 0
github.com/mithucste30/traefik-officer-operator/pkg/utils_unix.go:42.58,44.3 1 0
github.com/mithucste30/traefik-officer-operator/pkg/utils_unix.go:47.2,47.63 1 0
github.com/mithucste30/traefik-officer-operator/pkg/utils_unix.go:47.63,49.3 1 0
github.com/mithucste30/traefik-officer-operator/pkg/utils_unix.go:51.2,52.12 2 0
github.com/mithucste30/traefik-officer-operator/pkg/utils_unix.go:56.40,58.16 2 3
github.com/mithucste30/traefik-officer-operator/pkg/utils_unix.go:58.16,60.3 1 0
github.com/mithucste30/traefik-officer-operator/pkg/utils_unix.go:62.2,62.38 1 3
github.com/mithucste30/traefik-officer-operator/pkg/utils_unix.go:62.38,63.40 1 2683
github.com/mithucste30/traefik-officer-operator/pkg/utils_unix.go:63.40,65.4 1 0
github.com/mithucste30/traefik-officer-operator/pkg/utils_unix.go:68.2,68.16 1 3
github.com/mithucste30/traefik-officer-operator/pkg/utils_unix.go:71.40,72.16 1 7
github.com/mithucste30/traefik-officer-operator/pkg/utils_unix.go:72.16,74.3 1 1
github.com/mithucste30/traefik-officer-operator/pkg/utils_unix.go:77.2,77.41 1 6
github.com/mithucste30/traefik-officer-operator/pkg/utils_unix.go:77.41,80.3 2 0
github.com/mithucste30/traefik-officer-operator/pkg/utils_unix.go:83.2,84.16 2 6
github.com/mithucste30/traefik-officer-operator/pkg/utils_unix.go:84.16,85.48 1 5
github.com/mithucste30/traefik-officer-operator/pkg/utils_unix.go:85.48,87.4 1 0
github.com/mithucste30/traefik-officer-operator/pkg/utils_unix.go:91.2,92.16 2 6
github.com/mithucste30/traefik-officer-operator/pkg/utils_unix.go:92.16,94.3 1 0
github.com/mithucste30/traefik-officer-operator/pkg/utils_unix.go:96.2,96.37 1 6
github.com/mithucste30/traefik-officer-operator/pkg/utils_unix.go:96.37,98.3 1 0
github.com/mithucste30/traefik-officer-operator/pkg/utils_unix.go:100.2,101.12 2 6
github.com/mithucste30/traefik-officer-operator/pkg/utils_unix.go:104.40,105.16 1 5
github.com/mithucste30/traefik-officer-operator/pkg/utils_unix.go:105.16,107.3 1 1
github.com/mithucste30/traefik-officer-operator/pkg/utils_unix.go:109.2,109.49 1 4
github.com/mithucste30/traefik-officer-operator/pkg/utils_unix.go:109.49,112.3 2 1
github.com/mithucste30/traefik-officer-operator/pkg/utils_unix.go:114.2,114.40 1 3
github.com/mithucste30/traefik-officer-operator/pkg/utils_unix.go:114.40,116.3 1 0
github.com/mithucste30/traefik-officer-operator/pkg/utils_unix.go:118.2,119.12 2 3
